<?xml version="1.0" encoding="UTF-8"?><testrun name="com.revature.testificate" project="Statistics" tests="9" started="9" failures="0" errors="2" ignored="0">
  <testsuite name="com.revature.testificate.Testinator" time="0.852">
    <testcase name="testReducer" classname="com.revature.testificate.Testinator" time="0.74"/>
    <testcase name="testMapper" classname="com.revature.testificate.Testinator" time="0.071"/>
    <testcase name="testMapReduce" classname="com.revature.testificate.Testinator" time="0.041"/>
  </testsuite>
  <testsuite name="com.revature.testificate.Testinatorc" time="0.093">
    <testcase name="testReducer" classname="com.revature.testificate.Testinatorc" time="0.039">
      <error>java.lang.NullPointerException
	at com.revature.percentfememp.PercentFemEmpReducer.cleanup(PercentFemEmpReducer.java:93)
	at org.apache.hadoop.mapreduce.Reducer.run(Reducer.java:180)
	at org.apache.hadoop.mrunit.mapreduce.ReduceDriver.run(ReduceDriver.java:230)
	at org.apache.hadoop.mrunit.ReduceDriverBase.runTest(ReduceDriverBase.java:177)
	at org.apache.hadoop.mrunit.TestDriver.runTest(TestDriver.java:137)
	at com.revature.testificate.Testinatorc.testReducer(Testinatorc.java:104)
	at sun.reflect.NativeMethodAccessorImpl.invoke0(Native Method)
	at sun.reflect.NativeMethodAccessorImpl.invoke(NativeMethodAccessorImpl.java:62)
	at sun.reflect.DelegatingMethodAccessorImpl.invoke(DelegatingMethodAccessorImpl.java:43)
	at java.lang.reflect.Method.invoke(Method.java:498)
	at org.junit.runners.model.FrameworkMethod$1.runReflectiveCall(FrameworkMethod.java:50)
	at org.junit.internal.runners.model.ReflectiveCallable.run(ReflectiveCallable.java:12)
	at org.junit.runners.model.FrameworkMethod.invokeExplosively(FrameworkMethod.java:47)
	at org.junit.internal.runners.statements.InvokeMethod.evaluate(InvokeMethod.java:17)
	at org.junit.internal.runners.statements.RunBefores.evaluate(RunBefores.java:26)
	at org.junit.runners.ParentRunner.runLeaf(ParentRunner.java:325)
	at org.junit.runners.BlockJUnit4ClassRunner.runChild(BlockJUnit4ClassRunner.java:78)
	at org.junit.runners.BlockJUnit4ClassRunner.runChild(BlockJUnit4ClassRunner.java:57)
	at org.junit.runners.ParentRunner$3.run(ParentRunner.java:290)
	at org.junit.runners.ParentRunner$1.schedule(ParentRunner.java:71)
	at org.junit.runners.ParentRunner.runChildren(ParentRunner.java:288)
	at org.junit.runners.ParentRunner.access$000(ParentRunner.java:58)
	at org.junit.runners.ParentRunner$2.evaluate(ParentRunner.java:268)
	at org.junit.runners.ParentRunner.run(ParentRunner.java:363)
	at org.eclipse.jdt.internal.junit4.runner.JUnit4TestReference.run(JUnit4TestReference.java:50)
	at org.eclipse.jdt.internal.junit.runner.TestExecution.run(TestExecution.java:38)
	at org.eclipse.jdt.internal.junit.runner.RemoteTestRunner.runTests(RemoteTestRunner.java:459)
	at org.eclipse.jdt.internal.junit.runner.RemoteTestRunner.runTests(RemoteTestRunner.java:675)
	at org.eclipse.jdt.internal.junit.runner.RemoteTestRunner.run(RemoteTestRunner.java:382)
	at org.eclipse.jdt.internal.junit.runner.RemoteTestRunner.main(RemoteTestRunner.java:192)

</error>
    </testcase>
    <testcase name="testMapper" classname="com.revature.testificate.Testinatorc" time="0.026"/>
    <testcase name="testMapReduce" classname="com.revature.testificate.Testinatorc" time="0.028">
      <error>java.lang.NullPointerException
	at com.revature.percentfememp.PercentFemEmpReducer.cleanup(PercentFemEmpReducer.java:93)
	at org.apache.hadoop.mapreduce.Reducer.run(Reducer.java:180)
	at org.apache.hadoop.mrunit.mapreduce.ReduceDriver.run(ReduceDriver.java:230)
	at org.apache.hadoop.mrunit.mapreduce.MapReduceDriver$ReducePhaseRunner.runReduce(MapReduceDriver.java:284)
	at org.apache.hadoop.mrunit.mapreduce.MapReduceDriver$ReducePhaseRunner.access$300(MapReduceDriver.java:269)
	at org.apache.hadoop.mrunit.mapreduce.MapReduceDriver.run(MapReduceDriver.java:325)
	at org.apache.hadoop.mrunit.MapReduceDriverBase.runTest(MapReduceDriverBase.java:141)
	at org.apache.hadoop.mrunit.TestDriver.runTest(TestDriver.java:137)
	at com.revature.testificate.Testinatorc.testMapReduce(Testinatorc.java:126)
	at sun.reflect.NativeMethodAccessorImpl.invoke0(Native Method)
	at sun.reflect.NativeMethodAccessorImpl.invoke(NativeMethodAccessorImpl.java:62)
	at sun.reflect.DelegatingMethodAccessorImpl.invoke(DelegatingMethodAccessorImpl.java:43)
	at java.lang.reflect.Method.invoke(Method.java:498)
	at org.junit.runners.model.FrameworkMethod$1.runReflectiveCall(FrameworkMethod.java:50)
	at org.junit.internal.runners.model.ReflectiveCallable.run(ReflectiveCallable.java:12)
	at org.junit.runners.model.FrameworkMethod.invokeExplosively(FrameworkMethod.java:47)
	at org.junit.internal.runners.statements.InvokeMethod.evaluate(InvokeMethod.java:17)
	at org.junit.internal.runners.statements.RunBefores.evaluate(RunBefores.java:26)
	at org.junit.runners.ParentRunner.runLeaf(ParentRunner.java:325)
	at org.junit.runners.BlockJUnit4ClassRunner.runChild(BlockJUnit4ClassRunner.java:78)
	at org.junit.runners.BlockJUnit4ClassRunner.runChild(BlockJUnit4ClassRunner.java:57)
	at org.junit.runners.ParentRunner$3.run(ParentRunner.java:290)
	at org.junit.runners.ParentRunner$1.schedule(ParentRunner.java:71)
	at org.junit.runners.ParentRunner.runChildren(ParentRunner.java:288)
	at org.junit.runners.ParentRunner.access$000(ParentRunner.java:58)
	at org.junit.runners.ParentRunner$2.evaluate(ParentRunner.java:268)
	at org.junit.runners.ParentRunner.run(ParentRunner.java:363)
	at org.eclipse.jdt.internal.junit4.runner.JUnit4TestReference.run(JUnit4TestReference.java:50)
	at org.eclipse.jdt.internal.junit.runner.TestExecution.run(TestExecution.java:38)
	at org.eclipse.jdt.internal.junit.runner.RemoteTestRunner.runTests(RemoteTestRunner.java:459)
	at org.eclipse.jdt.internal.junit.runner.RemoteTestRunner.runTests(RemoteTestRunner.java:675)
	at org.eclipse.jdt.internal.junit.runner.RemoteTestRunner.run(RemoteTestRunner.java:382)
	at org.eclipse.jdt.internal.junit.runner.RemoteTestRunner.main(RemoteTestRunner.java:192)

</error>
    </testcase>
  </testsuite>
  <testsuite name="com.revature.testificate.Testinatorb" time="0.078">
    <testcase name="testReducer" classname="com.revature.testificate.Testinatorb" time="0.028"/>
    <testcase name="testMapper" classname="com.revature.testificate.Testinatorb" time="0.022"/>
    <testcase name="testMapReduce" classname="com.revature.testificate.Testinatorb" time="0.028"/>
  </testsuite>
</testrun>
